Using pre-set license
Built from '2020.3/staging' branch; Version is '2020.3.21f1 (a38c86f6690f) revision 10718342'; Using compiler version '192528614'; Build Type 'Release'
OS: 'Windows 10 Pro; OS build 19042.1348; Version 2009; 64bit' Language: 'fr' Physical Memory: 32606 MB
BatchMode: 1, IsHumanControllingUs: 0, StartBugReporterOnCrash: 0, Is64bit: 1, IsPro: 0

COMMAND LINE ARGUMENTS:
F:\GameDevJourney\UnityEditor\2020.3.21f1\Editor\Unity.exe
-adb2
-batchMode
-noUpm
-name
AssetImportWorker0
-projectPath
C:/Users/Juba/Documents/GitHub/HexTiles
-logFile
Logs/AssetImportWorker0.log
-srvPort
1362
Successfully changed project path to: C:/Users/Juba/Documents/GitHub/HexTiles
C:/Users/Juba/Documents/GitHub/HexTiles
Using Asset Import Pipeline V2.
Platform WindowsStandaloneSupport does not support graphics device type 
Refreshing native plugins compatible for Editor in 51.66 ms, found 2 plugins.
Preloading 0 native plugins for Editor in 0.00 ms.
Initialize engine version: 2020.3.21f1 (a38c86f6690f)
[Subsystems] Discovering subsystems at path F:/GameDevJourney/UnityEditor/2020.3.21f1/Editor/Data/Resources/UnitySubsystems
[Subsystems] Discovering subsystems at path C:/Users/Juba/Documents/GitHub/HexTiles/Assets
GfxDevice: creating device client; threaded=0
Direct3D:
    Version:  Direct3D 11.0 [level 11.1]
    Renderer: NVIDIA GeForce RTX 2060 (ID=0x1f11)
    Vendor:   
    VRAM:     5980 MB
    Driver:   27.21.14.6079
Initialize mono
Mono path[0] = 'F:/GameDevJourney/UnityEditor/2020.3.21f1/Editor/Data/Managed'
Mono path[1] = 'F:/GameDevJourney/UnityEditor/2020.3.21f1/Editor/Data/MonoBleedingEdge/lib/mono/unityjit'
Mono config path = 'F:/GameDevJourney/UnityEditor/2020.3.21f1/Editor/Data/MonoBleedingEdge/etc'
Using monoOptions --debugger-agent=transport=dt_socket,embedding=1,server=y,suspend=n,address=127.0.0.1:56588
Begin MonoManager ReloadAssembly
Registering precompiled unity dll's ...
Register platform support module: F:/GameDevJourney/UnityEditor/2020.3.21f1/Editor/Data/PlaybackEngines/WebGLSupport/UnityEditor.WebGL.Extensions.dll
Register platform support module: F:/GameDevJourney/UnityEditor/2020.3.21f1/Editor/Data/PlaybackEngines/WindowsStandaloneSupport/UnityEditor.WindowsStandalone.Extensions.dll
Register platform support module: F:/GameDevJourney/UnityEditor/2020.3.21f1/Editor/Data/PlaybackEngines/LinuxStandaloneSupport/UnityEditor.LinuxStandalone.Extensions.dll
Registered in 0.002116 seconds.
Native extension for LinuxStandalone target not found
Native extension for WindowsStandalone target not found
Native extension for WebGL target not found
Refreshing native plugins compatible for Editor in 51.03 ms, found 2 plugins.
Preloading 0 native plugins for Editor in 0.00 ms.
Mono: successfully reloaded assembly
- Completed reload, in  2.594 seconds
Domain Reload Profiling:
	ReloadAssembly (2594ms)
		BeginReloadAssembly (70ms)
			ExecutionOrderSort (0ms)
			DisableScriptedObjects (0ms)
			BackupInstance (0ms)
			ReleaseScriptingObjects (0ms)
			CreateAndSetChildDomain (1ms)
		EndReloadAssembly (475ms)
			LoadAssemblies (73ms)
			RebuildTransferFunctionScriptingTraits (0ms)
			SetupTypeCache (155ms)
			ReleaseScriptCaches (0ms)
			RebuildScriptCaches (30ms)
			SetupLoadedEditorAssemblies (179ms)
				LogAssemblyErrors (0ms)
				InitializePlatformSupportModulesInManaged (5ms)
				SetLoadedEditorAssemblies (0ms)
				RefreshPlugins (51ms)
				BeforeProcessingInitializeOnLoad (16ms)
				ProcessInitializeOnLoadAttributes (78ms)
				ProcessInitializeOnLoadMethodAttributes (28ms)
				AfterProcessingInitializeOnLoad (0ms)
				EditorAssembliesLoaded (0ms)
			ExecutionOrderSort2 (0ms)
			AwakeInstancesAfterBackupRestoration (0ms)
Platform modules already initialized, skipping
Registering precompiled user dll's ...
Registered in 0.006889 seconds.
Begin MonoManager ReloadAssembly
Native extension for LinuxStandalone target not found
Native extension for WindowsStandalone target not found
Native extension for WebGL target not found
Refreshing native plugins compatible for Editor in 64.22 ms, found 2 plugins.
Preloading 0 native plugins for Editor in 0.00 ms.
Mono: successfully reloaded assembly
- Completed reload, in  1.313 seconds
Domain Reload Profiling:
	ReloadAssembly (1313ms)
		BeginReloadAssembly (186ms)
			ExecutionOrderSort (0ms)
			DisableScriptedObjects (7ms)
			BackupInstance (0ms)
			ReleaseScriptingObjects (0ms)
			CreateAndSetChildDomain (21ms)
		EndReloadAssembly (1070ms)
			LoadAssemblies (120ms)
			RebuildTransferFunctionScriptingTraits (0ms)
			SetupTypeCache (343ms)
			ReleaseScriptCaches (0ms)
			RebuildScriptCaches (59ms)
			SetupLoadedEditorAssemblies (393ms)
				LogAssemblyErrors (0ms)
				InitializePlatformSupportModulesInManaged (8ms)
				SetLoadedEditorAssemblies (0ms)
				RefreshPlugins (64ms)
				BeforeProcessingInitializeOnLoad (102ms)
				ProcessInitializeOnLoadAttributes (206ms)
				ProcessInitializeOnLoadMethodAttributes (9ms)
				AfterProcessingInitializeOnLoad (3ms)
				EditorAssembliesLoaded (0ms)
			ExecutionOrderSort2 (0ms)
			AwakeInstancesAfterBackupRestoration (9ms)
Platform modules already initialized, skipping
========================================================================
Worker process is ready to serve import requests
Platform WindowsStandaloneSupport does not support graphics device type 
Launched and connected shader compiler UnityShaderCompiler.exe after 0.06 seconds
Refreshing native plugins compatible for Editor in 1.05 ms, found 2 plugins.
Preloading 0 native plugins for Editor in 0.00 ms.
Unloading 2815 Unused Serialized files (Serialized files now loaded: 0)
System memory in use before: 126.7 MB.
System memory in use after: 126.9 MB.

Unloading 21 unused Assets to reduce memory usage. Loaded Objects now: 3247.
Total: 6.529000 ms (FindLiveObjects: 0.423100 ms CreateObjectMapping: 0.202700 ms MarkObjects: 5.775500 ms  DeleteObjects: 0.126100 ms)

AssetImportParameters requested are different than current active one (requested -> active):
  custom:framework-win-MediaFoundation: 216162199b28c13a410421893ffa2e32 -> 
  custom:video-decoder-ogg-theora: a1e56fd34408186e4bbccfd4996cb3dc -> 
  custom:container-muxer-webm: aa71ff27fc2769a1b78a27578f13a17b -> 
  custom:container-demuxer-webm: 4f35f7cbe854078d1ac9338744f61a02 -> 
  custom:container-demuxer-ogg: 62fdf1f143b41e24485cea50d1cbac27 -> 
  custom:video-encoder-webm-vp8: eb34c28f22e8b96e1ab97ce403110664 -> 
  custom:video-decoder-webm-vp8: 9c59270c3fd7afecdb556c50c9e8de78 -> 
  custom:audio-decoder-ogg-vorbis: bf7c407c2cedff20999df2af8eb42d56 -> 
  custom:audio-encoder-webm-vorbis: bf7c407c2cedff20999df2af8eb42d56 -> 
========================================================================
Received Import Request.
  path: Assets/Prefabs/House.prefab
  artifactKey: Guid(387872c1ead5c6f46802e677bed2e35f) Importer(815301076,1909f56bfc062723c751e8b465ee728b)
Start importing Assets/Prefabs/House.prefab using Guid(387872c1ead5c6f46802e677bed2e35f) Importer(815301076,1909f56bfc062723c751e8b465ee728b)  -> (artifact id: '8314227dd109e898b71222ac4d969633') in 0.427940 seconds 
  Import took 0.435791 seconds .

========================================================================
Received Prepare
Platform WindowsStandaloneSupport does not support graphics device type 
Registering precompiled user dll's ...
Registered in 0.007621 seconds.
Begin MonoManager ReloadAssembly
Native extension for LinuxStandalone target not found
Native extension for WindowsStandalone target not found
Native extension for WebGL target not found
Refreshing native plugins compatible for Editor in 1.19 ms, found 2 plugins.
Preloading 0 native plugins for Editor in 0.00 ms.
Mono: successfully reloaded assembly
- Completed reload, in  1.429 seconds
Domain Reload Profiling:
	ReloadAssembly (1429ms)
		BeginReloadAssembly (181ms)
			ExecutionOrderSort (0ms)
			DisableScriptedObjects (11ms)
			BackupInstance (0ms)
			ReleaseScriptingObjects (0ms)
			CreateAndSetChildDomain (47ms)
		EndReloadAssembly (1170ms)
			LoadAssemblies (147ms)
			RebuildTransferFunctionScriptingTraits (0ms)
			SetupTypeCache (421ms)
			ReleaseScriptCaches (1ms)
			RebuildScriptCaches (59ms)
			SetupLoadedEditorAssemblies (374ms)
				LogAssemblyErrors (0ms)
				InitializePlatformSupportModulesInManaged (7ms)
				SetLoadedEditorAssemblies (1ms)
				RefreshPlugins (1ms)
				BeforeProcessingInitializeOnLoad (119ms)
				ProcessInitializeOnLoadAttributes (236ms)
				ProcessInitializeOnLoadMethodAttributes (8ms)
				AfterProcessingInitializeOnLoad (3ms)
				EditorAssembliesLoaded (0ms)
			ExecutionOrderSort2 (0ms)
			AwakeInstancesAfterBackupRestoration (14ms)
Platform modules already initialized, skipping
Refreshing native plugins compatible for Editor in 0.49 ms, found 2 plugins.
Preloading 0 native plugins for Editor in 0.00 ms.
Unloading 2705 Unused Serialized files (Serialized files now loaded: 0)
System memory in use before: 124.7 MB.
System memory in use after: 124.9 MB.

Unloading 16 unused Assets to reduce memory usage. Loaded Objects now: 3295.
Total: 3.204400 ms (FindLiveObjects: 0.282800 ms CreateObjectMapping: 0.135700 ms MarkObjects: 2.763800 ms  DeleteObjects: 0.021000 ms)

AssetImportParameters requested are different than current active one (requested -> active):
  custom:framework-win-MediaFoundation: 216162199b28c13a410421893ffa2e32 -> 
  custom:video-decoder-ogg-theora: a1e56fd34408186e4bbccfd4996cb3dc -> 
  custom:container-muxer-webm: aa71ff27fc2769a1b78a27578f13a17b -> 
  custom:container-demuxer-webm: 4f35f7cbe854078d1ac9338744f61a02 -> 
  custom:container-demuxer-ogg: 62fdf1f143b41e24485cea50d1cbac27 -> 
  custom:video-encoder-webm-vp8: eb34c28f22e8b96e1ab97ce403110664 -> 
  custom:video-decoder-webm-vp8: 9c59270c3fd7afecdb556c50c9e8de78 -> 
  custom:audio-decoder-ogg-vorbis: bf7c407c2cedff20999df2af8eb42d56 -> 
  custom:audio-encoder-webm-vorbis: bf7c407c2cedff20999df2af8eb42d56 -> 
========================================================================
Received Prepare
Platform WindowsStandaloneSupport does not support graphics device type 
Registering precompiled user dll's ...
Registered in 0.007424 seconds.
Begin MonoManager ReloadAssembly
Native extension for LinuxStandalone target not found
Native extension for WindowsStandalone target not found
Native extension for WebGL target not found
Refreshing native plugins compatible for Editor in 0.49 ms, found 2 plugins.
Preloading 0 native plugins for Editor in 0.00 ms.
Mono: successfully reloaded assembly
- Completed reload, in  1.120 seconds
Domain Reload Profiling:
	ReloadAssembly (1121ms)
		BeginReloadAssembly (155ms)
			ExecutionOrderSort (0ms)
			DisableScriptedObjects (8ms)
			BackupInstance (0ms)
			ReleaseScriptingObjects (0ms)
			CreateAndSetChildDomain (40ms)
		EndReloadAssembly (907ms)
			LoadAssemblies (119ms)
			RebuildTransferFunctionScriptingTraits (0ms)
			SetupTypeCache (304ms)
			ReleaseScriptCaches (1ms)
			RebuildScriptCaches (42ms)
			SetupLoadedEditorAssemblies (320ms)
				LogAssemblyErrors (0ms)
				InitializePlatformSupportModulesInManaged (7ms)
				SetLoadedEditorAssemblies (0ms)
				RefreshPlugins (1ms)
				BeforeProcessingInitializeOnLoad (95ms)
				ProcessInitializeOnLoadAttributes (206ms)
				ProcessInitializeOnLoadMethodAttributes (8ms)
				AfterProcessingInitializeOnLoad (3ms)
				EditorAssembliesLoaded (0ms)
			ExecutionOrderSort2 (0ms)
			AwakeInstancesAfterBackupRestoration (16ms)
Platform modules already initialized, skipping
Refreshing native plugins compatible for Editor in 0.58 ms, found 2 plugins.
Preloading 0 native plugins for Editor in 0.00 ms.
Unloading 2705 Unused Serialized files (Serialized files now loaded: 0)
System memory in use before: 124.7 MB.
System memory in use after: 124.9 MB.

Unloading 16 unused Assets to reduce memory usage. Loaded Objects now: 3297.
Total: 3.942600 ms (FindLiveObjects: 0.254400 ms CreateObjectMapping: 0.112200 ms MarkObjects: 3.546700 ms  DeleteObjects: 0.028300 ms)

AssetImportParameters requested are different than current active one (requested -> active):
  custom:framework-win-MediaFoundation: 216162199b28c13a410421893ffa2e32 -> 
  custom:video-decoder-ogg-theora: a1e56fd34408186e4bbccfd4996cb3dc -> 
  custom:container-muxer-webm: aa71ff27fc2769a1b78a27578f13a17b -> 
  custom:container-demuxer-webm: 4f35f7cbe854078d1ac9338744f61a02 -> 
  custom:container-demuxer-ogg: 62fdf1f143b41e24485cea50d1cbac27 -> 
  custom:video-encoder-webm-vp8: eb34c28f22e8b96e1ab97ce403110664 -> 
  custom:video-decoder-webm-vp8: 9c59270c3fd7afecdb556c50c9e8de78 -> 
  custom:audio-decoder-ogg-vorbis: bf7c407c2cedff20999df2af8eb42d56 -> 
  custom:audio-encoder-webm-vorbis: bf7c407c2cedff20999df2af8eb42d56 -> 
========================================================================
Received Import Request.
  Time since last request: 2249.317002 seconds.
  path: Assets/Prefabs
  artifactKey: Guid(d899c1bbe1c399e48950a0424b53114b) Importer(815301076,1909f56bfc062723c751e8b465ee728b)
Start importing Assets/Prefabs using Guid(d899c1bbe1c399e48950a0424b53114b) Importer(815301076,1909f56bfc062723c751e8b465ee728b)  -> (artifact id: 'ac9cd2cab8f414ce4b521bfaeeea02b9') in 0.007965 seconds 
  Import took 0.013883 seconds .

========================================================================
Received Import Request.
  Time since last request: 108.334000 seconds.
  path: Assets/Hex tile map.prefab
  artifactKey: Guid(c37a6a408ba43cd46b5a3b185bb9c0a3) Importer(815301076,1909f56bfc062723c751e8b465ee728b)
Start importing Assets/Hex tile map.prefab using Guid(c37a6a408ba43cd46b5a3b185bb9c0a3) Importer(815301076,1909f56bfc062723c751e8b465ee728b)  -> (artifact id: '5ca63caf1eb3dcc8151806ae59d4e597') in 0.037380 seconds 
  Import took 0.041320 seconds .

========================================================================
Received Import Request.
  Time since last request: 24.305453 seconds.
  path: Assets/HexMapEditor
  artifactKey: Guid(a33b20732f48e0d449b151c18f0cb5b7) Importer(815301076,1909f56bfc062723c751e8b465ee728b)
Start importing Assets/HexMapEditor using Guid(a33b20732f48e0d449b151c18f0cb5b7) Importer(815301076,1909f56bfc062723c751e8b465ee728b)  -> (artifact id: 'ab5b9aa4a4612151b2d88dd33838e115') in 0.002934 seconds 
  Import took 0.008469 seconds .

========================================================================
Received Import Request.
  Time since last request: 0.038414 seconds.
  path: Assets/Example Content/Example sceneSettings.lighting
  artifactKey: Guid(2f99bdcd4e367e7408a5ba820f739d51) Importer(815301076,1909f56bfc062723c751e8b465ee728b)
Start importing Assets/Example Content/Example sceneSettings.lighting using Guid(2f99bdcd4e367e7408a5ba820f739d51) Importer(815301076,1909f56bfc062723c751e8b465ee728b) LightingSettings: switching bake backend from 1 to 0.
 -> (artifact id: '030a908fb72e8e2c1eea66ae2dd369ff') in 0.005170 seconds 
  Import took 0.009822 seconds .

========================================================================
Received Prepare
Platform WindowsStandaloneSupport does not support graphics device type 
Registering precompiled user dll's ...
Registered in 0.007474 seconds.
Begin MonoManager ReloadAssembly
Native extension for LinuxStandalone target not found
Native extension for WindowsStandalone target not found
Native extension for WebGL target not found
Refreshing native plugins compatible for Editor in 0.48 ms, found 2 plugins.
Preloading 0 native plugins for Editor in 0.00 ms.
Mono: successfully reloaded assembly
- Completed reload, in  1.055 seconds
Domain Reload Profiling:
	ReloadAssembly (1055ms)
		BeginReloadAssembly (132ms)
			ExecutionOrderSort (0ms)
			DisableScriptedObjects (4ms)
			BackupInstance (0ms)
			ReleaseScriptingObjects (0ms)
			CreateAndSetChildDomain (39ms)
		EndReloadAssembly (860ms)
			LoadAssemblies (126ms)
			RebuildTransferFunctionScriptingTraits (0ms)
			SetupTypeCache (302ms)
			ReleaseScriptCaches (1ms)
			RebuildScriptCaches (39ms)
			SetupLoadedEditorAssemblies (281ms)
				LogAssemblyErrors (0ms)
				InitializePlatformSupportModulesInManaged (5ms)
				SetLoadedEditorAssemblies (0ms)
				RefreshPlugins (1ms)
				BeforeProcessingInitializeOnLoad (82ms)
				ProcessInitializeOnLoadAttributes (183ms)
				ProcessInitializeOnLoadMethodAttributes (8ms)
				AfterProcessingInitializeOnLoad (2ms)
				EditorAssembliesLoaded (0ms)
			ExecutionOrderSort2 (0ms)
			AwakeInstancesAfterBackupRestoration (14ms)
Platform modules already initialized, skipping
Refreshing native plugins compatible for Editor in 0.48 ms, found 2 plugins.
Preloading 0 native plugins for Editor in 0.00 ms.
Unloading 2705 Unused Serialized files (Serialized files now loaded: 0)
System memory in use before: 124.8 MB.
System memory in use after: 125.0 MB.

Unloading 16 unused Assets to reduce memory usage. Loaded Objects now: 3299.
Total: 3.330500 ms (FindLiveObjects: 0.241900 ms CreateObjectMapping: 0.098600 ms MarkObjects: 2.971400 ms  DeleteObjects: 0.017700 ms)

AssetImportParameters requested are different than current active one (requested -> active):
  custom:framework-win-MediaFoundation: 216162199b28c13a410421893ffa2e32 -> 
  custom:video-decoder-ogg-theora: a1e56fd34408186e4bbccfd4996cb3dc -> 
  custom:container-muxer-webm: aa71ff27fc2769a1b78a27578f13a17b -> 
  custom:container-demuxer-webm: 4f35f7cbe854078d1ac9338744f61a02 -> 
  custom:container-demuxer-ogg: 62fdf1f143b41e24485cea50d1cbac27 -> 
  custom:video-encoder-webm-vp8: eb34c28f22e8b96e1ab97ce403110664 -> 
  custom:video-decoder-webm-vp8: 9c59270c3fd7afecdb556c50c9e8de78 -> 
  custom:audio-decoder-ogg-vorbis: bf7c407c2cedff20999df2af8eb42d56 -> 
  custom:audio-encoder-webm-vorbis: bf7c407c2cedff20999df2af8eb42d56 -> 
========================================================================
Received Import Request.
  Time since last request: 30.681889 seconds.
  path: Assets/HexMapEditor/Utils
  artifactKey: Guid(ffc8eaa5f9c5c744799fe1aedd598ae9) Importer(815301076,1909f56bfc062723c751e8b465ee728b)
Start importing Assets/HexMapEditor/Utils using Guid(ffc8eaa5f9c5c744799fe1aedd598ae9) Importer(815301076,1909f56bfc062723c751e8b465ee728b)  -> (artifact id: 'c1da47c51101ba811452bb0ed2612ba9') in 0.005817 seconds 
  Import took 0.010583 seconds .

========================================================================
Received Import Request.
  Time since last request: 18.383509 seconds.
  path: Assets/HexMapEditor/Utils/NormalHex.png
  artifactKey: Guid(de0db878521d988469fe62052049cc4c) Importer(815301076,1909f56bfc062723c751e8b465ee728b)
Start importing Assets/HexMapEditor/Utils/NormalHex.png using Guid(de0db878521d988469fe62052049cc4c) Importer(815301076,1909f56bfc062723c751e8b465ee728b)  -> (artifact id: 'c879e93e5e5131fc74d2b750993924de') in 0.108098 seconds 
  Import took 0.112796 seconds .

========================================================================
Received Import Request.
  Time since last request: 161.770250 seconds.
  path: Assets/HexMapEditor/Code/HexTiles/Utils.cs
  artifactKey: Guid(758aba419c7f48e459be6bbb4787a08d) Importer(815301076,1909f56bfc062723c751e8b465ee728b)
Start importing Assets/HexMapEditor/Code/HexTiles/Utils.cs using Guid(758aba419c7f48e459be6bbb4787a08d) Importer(815301076,1909f56bfc062723c751e8b465ee728b)  -> (artifact id: '039ef6294fd0eb20151d73836d8ad1bf') in 0.007771 seconds 
  Import took 0.013097 seconds .

========================================================================
Received Import Request.
  Time since last request: 0.011135 seconds.
  path: Assets/HexMapEditor/Code/HexTiles/HexMeshGenerator.cs
  artifactKey: Guid(7785a6fc1b93cc643847bc298e918c06) Importer(815301076,1909f56bfc062723c751e8b465ee728b)
Start importing Assets/HexMapEditor/Code/HexTiles/HexMeshGenerator.cs using Guid(7785a6fc1b93cc643847bc298e918c06) Importer(815301076,1909f56bfc062723c751e8b465ee728b)  -> (artifact id: '7e61c310ea38418d9ab1db9f80d91f46') in 0.002253 seconds 
  Import took 0.006097 seconds .

========================================================================
Received Import Request.
  Time since last request: 0.003245 seconds.
  path: Assets/HexMapEditor/Code/HexTiles/HexCoords.cs
  artifactKey: Guid(59fb9017170793e409f5dbfbeec96921) Importer(815301076,1909f56bfc062723c751e8b465ee728b)
Start importing Assets/HexMapEditor/Code/HexTiles/HexCoords.cs using Guid(59fb9017170793e409f5dbfbeec96921) Importer(815301076,1909f56bfc062723c751e8b465ee728b)  -> (artifact id: '2b37a5b48d4ac04f1efbf12970b4e653') in 0.002312 seconds 
  Import took 0.006514 seconds .

========================================================================
Received Import Request.
  Time since last request: 0.002837 seconds.
  path: Assets/HexMapEditor/Code/HexTiles/Editor/HexTileMapEditor.cs
  artifactKey: Guid(cb01164f55c72d24c88531cbc0737cff) Importer(815301076,1909f56bfc062723c751e8b465ee728b)
Start importing Assets/HexMapEditor/Code/HexTiles/Editor/HexTileMapEditor.cs using Guid(cb01164f55c72d24c88531cbc0737cff) Importer(815301076,1909f56bfc062723c751e8b465ee728b)  -> (artifact id: '401db5480b9d9f9eb3738ffdf22b8d47') in 0.003147 seconds 
  Import took 0.006965 seconds .

========================================================================
Received Import Request.
  Time since last request: 0.002948 seconds.
  path: Assets/HexMapEditor/Code/HexTiles/ModifiedTileInfo.cs
  artifactKey: Guid(ba4c4c974939b43a79e04cfe3fcc1c9e) Importer(815301076,1909f56bfc062723c751e8b465ee728b)
Start importing Assets/HexMapEditor/Code/HexTiles/ModifiedTileInfo.cs using Guid(ba4c4c974939b43a79e04cfe3fcc1c9e) Importer(815301076,1909f56bfc062723c751e8b465ee728b)  -> (artifact id: 'dd69cf7ab37c944040fe9788042e30e4') in 0.002177 seconds 
  Import took 0.005999 seconds .

========================================================================
Received Import Request.
  Time since last request: 0.033582 seconds.
  path: Assets/HexMapEditor/Code/HexTiles/HexChunk.cs
  artifactKey: Guid(45ea98666d340d841826817e18aa9300) Importer(815301076,1909f56bfc062723c751e8b465ee728b)
Start importing Assets/HexMapEditor/Code/HexTiles/HexChunk.cs using Guid(45ea98666d340d841826817e18aa9300) Importer(815301076,1909f56bfc062723c751e8b465ee728b)  -> (artifact id: 'e013d252568b9088150c5c4bc3550c20') in 0.002255 seconds 
  Import took 0.006359 seconds .

========================================================================
Received Import Request.
  Time since last request: 0.002892 seconds.
  path: Assets/HexMapEditor/Code/HexTiles/Editor/EditorUtilities.cs
  artifactKey: Guid(5da9af937189c43518f0eebef9721b61) Importer(815301076,1909f56bfc062723c751e8b465ee728b)
Start importing Assets/HexMapEditor/Code/HexTiles/Editor/EditorUtilities.cs using Guid(5da9af937189c43518f0eebef9721b61) Importer(815301076,1909f56bfc062723c751e8b465ee728b)  -> (artifact id: '381f8146b0bebe5c2c03ec41149f8830') in 0.002133 seconds 
  Import took 0.006045 seconds .

========================================================================
Received Import Request.
  Time since last request: 0.002602 seconds.
  path: Assets/HexMapEditor/Code/HexTiles/Editor
  artifactKey: Guid(fc296203970714e55b1edfda9b10472a) Importer(815301076,1909f56bfc062723c751e8b465ee728b)
Start importing Assets/HexMapEditor/Code/HexTiles/Editor using Guid(fc296203970714e55b1edfda9b10472a) Importer(815301076,1909f56bfc062723c751e8b465ee728b)  -> (artifact id: '8d64134878e373d56333edaf4d348991') in 0.002266 seconds 
  Import took 0.006059 seconds .

========================================================================
Received Import Request.
  Time since last request: 0.010414 seconds.
  path: Assets/HexMapEditor/Code/HexTiles/HexPosition.cs
  artifactKey: Guid(b03aec88d7d953347bb7ea56b37ffdcd) Importer(815301076,1909f56bfc062723c751e8b465ee728b)
Start importing Assets/HexMapEditor/Code/HexTiles/HexPosition.cs using Guid(b03aec88d7d953347bb7ea56b37ffdcd) Importer(815301076,1909f56bfc062723c751e8b465ee728b)  -> (artifact id: 'aed462c2399f297a1b695493eec883aa') in 0.002498 seconds 
  Import took 0.006828 seconds .

========================================================================
Received Import Request.
  Time since last request: 0.006086 seconds.
  path: Assets/HexMapEditor/Code/HexTiles/SidePiece.cs
  artifactKey: Guid(2b865ac24743b744883b258e87abf179) Importer(815301076,1909f56bfc062723c751e8b465ee728b)
Start importing Assets/HexMapEditor/Code/HexTiles/SidePiece.cs using Guid(2b865ac24743b744883b258e87abf179) Importer(815301076,1909f56bfc062723c751e8b465ee728b)  -> (artifact id: '774b050a0313df29e0b2ccfd36eff079') in 0.002569 seconds 
  Import took 0.007174 seconds .

========================================================================
Received Import Request.
  Time since last request: 0.006822 seconds.
  path: Assets/HexMapEditor/Code/HexTiles/HexTileData.cs
  artifactKey: Guid(8644054a63881e14083f1d40c9aef408) Importer(815301076,1909f56bfc062723c751e8b465ee728b)
Start importing Assets/HexMapEditor/Code/HexTiles/HexTileData.cs using Guid(8644054a63881e14083f1d40c9aef408) Importer(815301076,1909f56bfc062723c751e8b465ee728b)  -> (artifact id: '2597be0442a6f63cc7c1495335d1dc57') in 0.002500 seconds 
  Import took 0.007208 seconds .

========================================================================
Received Import Request.
  Time since last request: 0.002624 seconds.
  path: Assets/HexMapEditor/Code/HexTiles/HexMetrics.cs
  artifactKey: Guid(d6f16a711c191704ea0589ab3cd4c012) Importer(815301076,1909f56bfc062723c751e8b465ee728b)
Start importing Assets/HexMapEditor/Code/HexTiles/HexMetrics.cs using Guid(d6f16a711c191704ea0589ab3cd4c012) Importer(815301076,1909f56bfc062723c751e8b465ee728b)  -> (artifact id: '14790c749f6dae3bdc870c8c1fd5812a') in 0.003100 seconds 
  Import took 0.007490 seconds .

========================================================================
Received Import Request.
  Time since last request: 0.005788 seconds.
  path: Assets/HexMapEditor/Code/HexTiles/Editor/Resources
  artifactKey: Guid(522ebae64eeb8314180cc95b2ac90a7f) Importer(815301076,1909f56bfc062723c751e8b465ee728b)
Start importing Assets/HexMapEditor/Code/HexTiles/Editor/Resources using Guid(522ebae64eeb8314180cc95b2ac90a7f) Importer(815301076,1909f56bfc062723c751e8b465ee728b)  -> (artifact id: '68f8c2c6f469c9a19b036cd76afcbaff') in 0.002941 seconds 
  Import took 0.007195 seconds .

========================================================================
Received Import Request.
  Time since last request: 0.013343 seconds.
  path: Assets/HexMapEditor/Code/HexTiles/Editor/HexTileUtils.cs
  artifactKey: Guid(d3e3bcea6ecd3a941a862dcadd8688b2) Importer(815301076,1909f56bfc062723c751e8b465ee728b)
Start importing Assets/HexMapEditor/Code/HexTiles/Editor/HexTileUtils.cs using Guid(d3e3bcea6ecd3a941a862dcadd8688b2) Importer(815301076,1909f56bfc062723c751e8b465ee728b)  -> (artifact id: 'a31736930037c7af94c34a3040974fae') in 0.002789 seconds 
  Import took 0.007949 seconds .

========================================================================
Received Import Request.
  Time since last request: 0.007042 seconds.
  path: Assets/HexMapEditor/Utils/GreenTileMaterial.mat
  artifactKey: Guid(3c40e887cab152c41856788e2fb79055) Importer(815301076,1909f56bfc062723c751e8b465ee728b)
Start importing Assets/HexMapEditor/Utils/GreenTileMaterial.mat using Guid(3c40e887cab152c41856788e2fb79055) Importer(815301076,1909f56bfc062723c751e8b465ee728b)  -> (artifact id: '8ff30e5c79de098ccb1b1fd385f879f0') in 0.140241 seconds 
  Import took 0.146267 seconds .

========================================================================
Received Import Request.
  Time since last request: 0.010267 seconds.
  path: Assets/HexMapEditor/Code/HexTiles/HexTileMap.cs
  artifactKey: Guid(fbf1d509538a901498d3a8ac51e40a59) Importer(815301076,1909f56bfc062723c751e8b465ee728b)
Start importing Assets/HexMapEditor/Code/HexTiles/HexTileMap.cs using Guid(fbf1d509538a901498d3a8ac51e40a59) Importer(815301076,1909f56bfc062723c751e8b465ee728b)  -> (artifact id: '2bcb239b6bcb43091064249ea3fdb53d') in 0.002572 seconds 
  Import took 0.006502 seconds .

AssetImportWorkerClient::OnTransportError - code=2 error=End of file
